  main.cpp
C:\Users\Moskalt\source\repos\SAOD_labs\lab_11\codes.h(37,15): warning C4018: '<': signed/unsigned mismatch
C:\Users\Moskalt\source\repos\SAOD_labs\lab_11\codes.h(63,15): warning C4018: '<': signed/unsigned mismatch
C:\Users\Moskalt\source\repos\SAOD_labs\lab_11\codes.h(92,1): warning C4244: '+=': conversion from 'double' to 'int', possible loss of data
C:\Users\Moskalt\source\repos\SAOD_labs\lab_11\codes.h(102,27): warning C4018: '<': signed/unsigned mismatch
C:\Users\Moskalt\source\repos\SAOD_labs\lab_11\codes.h(120,51): warning C4244: '=': conversion from 'double' to '_Ty', possible loss of data
          with
          [
              _Ty=int
          ]
C:\Users\Moskalt\source\repos\SAOD_labs\lab_11\codes.h(123,38): warning C4244: '=': conversion from 'double' to '_Ty', possible loss of data
          with
          [
              _Ty=int
          ]
C:\Users\Moskalt\source\repos\SAOD_labs\lab_11\codes.h(127,38): warning C4018: '<': signed/unsigned mismatch
C:\Users\Moskalt\source\repos\SAOD_labs\lab_11\codes.h(129,47): warning C4244: '=': conversion from '_Ty' to '_Ty', possible loss of data
          with
          [
              _Ty=double
          ]
          and
          [
              _Ty=int
          ]
C:\Users\Moskalt\source\repos\SAOD_labs\lab_11\codes.h(147,31): warning C4018: '<': signed/unsigned mismatch
C:\Users\Moskalt\source\repos\SAOD_labs\lab_11\codes.h(152,31): warning C4018: '<': signed/unsigned mismatch
C:\Users\Moskalt\source\repos\SAOD_labs\lab_11\codes.h(156,48): warning C4244: '=': conversion from 'double' to '_Ty', possible loss of data
          with
          [
              _Ty=int
          ]
  lab_11.vcxproj -> C:\Users\Moskalt\source\repos\SAOD_labs\lab_11\Debug\lab_11.exe
